0 info it worked if it ends with ok
1 verbose cli [ '/usr/local/Cellar/node/5.0.0/bin/node',
1 verbose cli   '/usr/local/bin/npm',
1 verbose cli   'run',
1 verbose cli   'dev' ]
2 info using npm@3.3.9
3 info using node@v5.0.0
4 verbose run-script [ 'predev', 'dev', 'postdev' ]
5 info lifecycle react-framework@1.0.0~predev: react-framework@1.0.0
6 silly lifecycle react-framework@1.0.0~predev: no script for predev, continuing
7 info lifecycle react-framework@1.0.0~dev: react-framework@1.0.0
8 verbose lifecycle react-framework@1.0.0~dev: unsafe-perm in lifecycle true
9 verbose lifecycle react-framework@1.0.0~dev: PATH: /usr/local/lib/node_modules/npm/bin/node-gyp-bin:/Users/jsb/Documents/WorkSpace/react/react-framework/node_modules/.bin:/usr/local/opt/php53/bin:/usr/bin:/bin:/usr/sbin:/sbin:/usr/local/bin:/Users/jsb/Documents/WorkSpace/tool/android-sdk-macosx/platform-tools/:/Users/jsb/Documents/WorkSpace/tool/android-sdk-macosx/tools/
10 verbose lifecycle react-framework@1.0.0~dev: CWD: /Users/jsb/Documents/WorkSpace/react/react-framework
11 silly lifecycle react-framework@1.0.0~dev: Args: [ '-c', 'node build/server.js' ]
12 silly lifecycle react-framework@1.0.0~dev: Returned: code: 1  signal: null
13 info lifecycle react-framework@1.0.0~dev: Failed to exec dev script
14 verbose stack Error: react-framework@1.0.0 dev: `node build/server.js`
14 verbose stack Exit status 1
14 verbose stack     at EventEmitter.<anonymous> (/usr/local/lib/node_modules/npm/lib/utils/lifecycle.js:233:16)
14 verbose stack     at emitTwo (events.js:87:13)
14 verbose stack     at EventEmitter.emit (events.js:172:7)
14 verbose stack     at ChildProcess.<anonymous> (/usr/local/lib/node_modules/npm/lib/utils/spawn.js:24:14)
14 verbose stack     at emitTwo (events.js:87:13)
14 verbose stack     at ChildProcess.emit (events.js:172:7)
14 verbose stack     at maybeClose (internal/child_process.js:818:16)
14 verbose stack     at Process.ChildProcess._handle.onexit (internal/child_process.js:211:5)
15 verbose pkgid react-framework@1.0.0
16 verbose cwd /Users/jsb/Documents/WorkSpace/react/react-framework
17 error Darwin 15.3.0
18 error argv "/usr/local/Cellar/node/5.0.0/bin/node" "/usr/local/bin/npm" "run" "dev"
19 error node v5.0.0
20 error npm  v3.3.9
21 error code ELIFECYCLE
22 error react-framework@1.0.0 dev: `node build/server.js`
22 error Exit status 1
23 error Failed at the react-framework@1.0.0 dev script 'node build/server.js'.
23 error This is most likely a problem with the react-framework package,
23 error not with npm itself.
23 error Tell the author that this fails on your system:
23 error     node build/server.js
23 error You can get their info via:
23 error     npm owner ls react-framework
23 error There is likely additional logging output above.
24 verbose exit [ 1, true ]
